<?xml version="1.0" encoding="UTF-8"?>
<!-- Generated by org.testng.reporters.JUnitReportReporter -->
<testsuite skipped="0" hostname="LAPTOP-O182S98G" name="pageObjectModelPractice.NewTest" tests="1" failures="0" timestamp="13 May 2020 15:50:27 GMT" time="17.711" errors="0">
  <testcase name="f" time="17.711" classname="pageObjectModelPractice.NewTest"/>
</testsuite> <!-- pageObjectModelPractice.NewTest -->
